Using pre-set license
Built from '2022.3/staging' branch; Version is '2022.3.8f1 (b5eafc012955) revision 11922172'; Using compiler version '192829333'; Build Type 'Release'
OS: 'Windows 11  (10.0.22621) 64bit Education' Language: 'en' Physical Memory: 32688 MB
BatchMode: 1, IsHumanControllingUs: 0, StartBugReporterOnCrash: 0, Is64bit: 1, IsPro: 1

COMMAND LINE ARGUMENTS:
C:\Program Files\Unity\Hub\Editor\2022.3.8f1\Editor\Unity.exe
-adb2
-batchMode
-noUpm
-name
AssetImportWorker4
-projectPath
C:/Users/dyl5/Documents/GitHub/Mindfulness/Mindfulness
-logFile
Logs/AssetImportWorker4.log
-srvPort
51361
Successfully changed project path to: C:/Users/dyl5/Documents/GitHub/Mindfulness/Mindfulness
C:/Users/dyl5/Documents/GitHub/Mindfulness/Mindfulness
[UnityMemory] Configuration Parameters - Can be set up in boot.config
    "memorysetup-bucket-allocator-granularity=16"
    "memorysetup-bucket-allocator-bucket-count=8"
    "memorysetup-bucket-allocator-block-size=33554432"
    "memorysetup-bucket-allocator-block-count=8"
    "memorysetup-main-allocator-block-size=16777216"
    "memorysetup-thread-allocator-block-size=16777216"
    "memorysetup-gfx-main-allocator-block-size=16777216"
    "memorysetup-gfx-thread-allocator-block-size=16777216"
    "memorysetup-cache-allocator-block-size=4194304"
    "memorysetup-typetree-allocator-block-size=2097152"
    "memorysetup-profiler-bucket-allocator-granularity=16"
    "memorysetup-profiler-bucket-allocator-bucket-count=8"
    "memorysetup-profiler-bucket-allocator-block-size=33554432"
    "memorysetup-profiler-bucket-allocator-block-count=8"
    "memorysetup-profiler-allocator-block-size=16777216"
    "memorysetup-profiler-editor-allocator-block-size=1048576"
    "memorysetup-temp-allocator-size-main=16777216"
    "memorysetup-job-temp-allocator-block-size=2097152"
    "memorysetup-job-temp-allocator-block-size-background=1048576"
    "memorysetup-job-temp-allocator-reduction-small-platforms=262144"
    "memorysetup-allocator-temp-initial-block-size-main=262144"
    "memorysetup-allocator-temp-initial-block-size-worker=262144"
    "memorysetup-temp-allocator-size-background-worker=32768"
    "memorysetup-temp-allocator-size-job-worker=262144"
    "memorysetup-temp-allocator-size-preload-manager=33554432"
    "memorysetup-temp-allocator-size-nav-mesh-worker=65536"
    "memorysetup-temp-allocator-size-audio-worker=65536"
    "memorysetup-temp-allocator-size-cloud-worker=32768"
    "memorysetup-temp-allocator-size-gi-baking-worker=262144"
    "memorysetup-temp-allocator-size-gfx=262144"
Player connection [17428] Host "[IP] 130.49.24.125 [Port] 0 [Flags] 2 [Guid] 3825146264 [EditorId] 3825146264 [Version] 1048832 [Id] WindowsEditor(7,Luigi) [Debug] 1 [PackageName] WindowsEditor [ProjectName] Editor" joined multi-casting on [225.0.0.222:54997]...

Player connection [17428] Host "[IP] 130.49.24.125 [Port] 0 [Flags] 2 [Guid] 3825146264 [EditorId] 3825146264 [Version] 1048832 [Id] WindowsEditor(7,Luigi) [Debug] 1 [PackageName] WindowsEditor [ProjectName] Editor" joined alternative multi-casting on [225.0.0.222:34997]...

[Physics::Module] Initialized MultithreadedJobDispatcher with 23 workers.
Refreshing native plugins compatible for Editor in 153.24 ms, found 6 plugins.
Preloading 0 native plugins for Editor in 0.00 ms.
Initialize engine version: 2022.3.8f1 (b5eafc012955)
[Subsystems] Discovering subsystems at path C:/Program Files/Unity/Hub/Editor/2022.3.8f1/Editor/Data/Resources/UnitySubsystems
[Subsystems] Discovering subsystems at path C:/Users/dyl5/Documents/GitHub/Mindfulness/Mindfulness/Assets
GfxDevice: creating device client; threaded=0; jobified=0
Direct3D:
    Version:  Direct3D 11.0 [level 11.1]
    Renderer: AMD Radeon RX 6800 XT (ID=0x73bf)
    Vendor:   ATI
    VRAM:     16338 MB
    Driver:   31.0.12002.92
Initialize mono
Mono path[0] = 'C:/Program Files/Unity/Hub/Editor/2022.3.8f1/Editor/Data/Managed'
Mono path[1] = 'C:/Program Files/Unity/Hub/Editor/2022.3.8f1/Editor/Data/MonoBleedingEdge/lib/mono/unityjit-win32'
Mono config path = 'C:/Program Files/Unity/Hub/Editor/2022.3.8f1/Editor/Data/MonoBleedingEdge/etc'
Using monoOptions --debugger-agent=transport=dt_socket,embedding=1,server=y,suspend=n,address=127.0.0.1:56168
Begin MonoManager ReloadAssembly
Registering precompiled unity dll's ...
Register platform support module: C:/Program Files/Unity/Hub/Editor/2022.3.8f1/Editor/Data/PlaybackEngines/WindowsStandaloneSupport/UnityEditor.WindowsStandalone.Extensions.dll
Registered in 0.006013 seconds.
- Loaded All Assemblies, in  0.653 seconds
Native extension for WindowsStandalone target not found
Mono: successfully reloaded assembly
- Finished resetting the current domain, in  0.253 seconds
Domain Reload Profiling: 904ms
	BeginReloadAssembly (118ms)
		ExecutionOrderSort (0ms)
		DisableScriptedObjects (0ms)
		BackupInstance (0ms)
		ReleaseScriptingObjects (0ms)
		CreateAndSetChildDomain (1ms)
	RebuildCommonClasses (156ms)
	RebuildNativeTypeToScriptingClass (8ms)
	initialDomainReloadingComplete (56ms)
	LoadAllAssembliesAndSetupDomain (313ms)
		LoadAssemblies (116ms)
		RebuildTransferFunctionScriptingTraits (0ms)
		AnalyzeDomain (311ms)
			TypeCache.Refresh (309ms)
				TypeCache.ScanAssembly (296ms)
			ScanForSourceGeneratedMonoScriptInfo (0ms)
			ResolveRequiredComponents (1ms)
	FinalizeReload (253ms)
		ReleaseScriptCaches (0ms)
		RebuildScriptCaches (0ms)
		SetupLoadedEditorAssemblies (198ms)
			LogAssemblyErrors (0ms)
			InitializePlatformSupportModulesInManaged (7ms)
			SetLoadedEditorAssemblies (7ms)
			RefreshPlugins (0ms)
			BeforeProcessingInitializeOnLoad (2ms)
			ProcessInitializeOnLoadAttributes (131ms)
			ProcessInitializeOnLoadMethodAttributes (49ms)
			AfterProcessingInitializeOnLoad (0ms)
			EditorAssembliesLoaded (0ms)
		ExecutionOrderSort2 (0ms)
		AwakeInstancesAfterBackupRestoration (0ms)
========================================================================
Worker process is ready to serve import requests
Begin MonoManager ReloadAssembly
- Loaded All Assemblies, in  0.675 seconds
Refreshing native plugins compatible for Editor in 5.33 ms, found 6 plugins.
Native extension for WindowsStandalone target not found
Package Manager log level set to [2]
[Package Manager] Server::EnsureServerProcessIsRunning -- launch failed, reason: Unity was launched with the -noUpm command-line argument
[Package Manager] UpmClient::Send -- Unable to send message (not connected to UPM process).
[Package Manager] Cannot connect to Unity Package Manager local server
[Package Manager] Server::EnsureServerProcessIsRunning -- launch failed, reason: Unity was launched with the -noUpm command-line argument
[Package Manager] UpmClient::Send -- Unable to send message (not connected to UPM process).
[Package Manager] Cannot connect to Unity Package Manager local server
Mono: successfully reloaded assembly
[Package Manager] Server::EnsureServerProcessIsRunning -- launch failed, reason: Unity was launched with the -noUpm command-line argument
[Package Manager] UpmClient::Send -- Unable to send message (not connected to UPM process).
[Package Manager] Cannot connect to Unity Package Manager local server
[Package Manager] Server::EnsureServerProcessIsRunning -- launch failed, reason: Unity was launched with the -noUpm command-line argument
[Package Manager] UpmClient::Send -- Unable to send message (not connected to UPM process).
[Package Manager] Cannot connect to Unity Package Manager local server
- Finished resetting the current domain, in  0.518 seconds
Domain Reload Profiling: 1190ms
	BeginReloadAssembly (157ms)
		ExecutionOrderSort (0ms)
		DisableScriptedObjects (7ms)
		BackupInstance (0ms)
		ReleaseScriptingObjects (0ms)
		CreateAndSetChildDomain (25ms)
	RebuildCommonClasses (34ms)
	RebuildNativeTypeToScriptingClass (13ms)
	initialDomainReloadingComplete (43ms)
	LoadAllAssembliesAndSetupDomain (425ms)
		LoadAssemblies (329ms)
		RebuildTransferFunctionScriptingTraits (0ms)
		AnalyzeDomain (187ms)
			TypeCache.Refresh (159ms)
				TypeCache.ScanAssembly (123ms)
			ScanForSourceGeneratedMonoScriptInfo (19ms)
			ResolveRequiredComponents (7ms)
	FinalizeReload (518ms)
		ReleaseScriptCaches (0ms)
		RebuildScriptCaches (0ms)
		SetupLoadedEditorAssemblies (389ms)
			LogAssemblyErrors (0ms)
			InitializePlatformSupportModulesInManaged (5ms)
			SetLoadedEditorAssemblies (5ms)
			RefreshPlugins (0ms)
			BeforeProcessingInitializeOnLoad (58ms)
			ProcessInitializeOnLoadAttributes (302ms)
			ProcessInitializeOnLoadMethodAttributes (15ms)
			AfterProcessingInitializeOnLoad (5ms)
			EditorAssembliesLoaded (0ms)
		ExecutionOrderSort2 (0ms)
		AwakeInstancesAfterBackupRestoration (5ms)
Launched and connected shader compiler UnityShaderCompiler.exe after 0.05 seconds
Refreshing native plugins compatible for Editor in 10.31 ms, found 6 plugins.
Preloading 0 native plugins for Editor in 0.00 ms.
Unloading 3528 Unused Serialized files (Serialized files now loaded: 0)
Unloading 41 unused Assets / (0.7 MB). Loaded Objects now: 4025.
Memory consumption went from 162.3 MB to 161.6 MB.
Total: 9.384800 ms (FindLiveObjects: 0.771800 ms CreateObjectMapping: 0.165200 ms MarkObjects: 7.715700 ms  DeleteObjects: 0.729400 ms)

AssetImportParameters requested are different than current active one (requested -> active):
  custom:container-demuxer-ogg: 62fdf1f143b41e24485cea50d1cbac27 -> 
  custom:video-codec-MediaFoundation-h265: 746d11721c4dcdbdad8f713fa42b33f4 -> 
  custom:video-decoder-ogg-theora: a1e56fd34408186e4bbccfd4996cb3dc -> 
  custom:framework-win-MediaFoundation: 216162199b28c13a410421893ffa2e32 -> 
  custom:CustomObjectIndexerAttribute: 756ad292c208cfabdd7b50bc23989ffe -> 
  custom:container-demuxer-webm: 4f35f7cbe854078d1ac9338744f61a02 -> 
  custom:container-muxer-webm: aa71ff27fc2769a1b78a27578f13a17b -> 
  custom:video-decoder-webm-vp8: 9c59270c3fd7afecdb556c50c9e8de78 -> 
  custom:SearchIndexIgnoredProperties: e643bd26f0fe6173181afceb89e7c659 -> 
  custom:AudioImporter_EditorPlatform: d09bf68614088b80899f8185d706f6e7 -> 
  custom:video-encoder-webm-vp8: eb34c28f22e8b96e1ab97ce403110664 -> 
  custom:audio-decoder-ogg-vorbis: bf7c407c2cedff20999df2af8eb42d56 -> 
  custom:audio-encoder-webm-vorbis: bf7c407c2cedff20999df2af8eb42d56 -> 
========================================================================
Received Import Request.
  Time since last request: 1216299.230183 seconds.
  path: Assets/laxer Assets/Mountain.prefab
  artifactKey: Guid(edc6162c6cb059c45bf603c954b20302) Importer(815301076,1909f56bfc062723c751e8b465ee728b)
Start importing Assets/laxer Assets/Mountain.prefab using Guid(edc6162c6cb059c45bf603c954b20302) Importer(815301076,1909f56bfc062723c751e8b465ee728b)  -> (artifact id: '904d3c2a9b83ec75a95fd0b5437594b2') in 0.265076 seconds
Number of updated asset objects reloaded before import = 0
Number of asset objects unloaded after import = 568
========================================================================
Received Import Request.
  Time since last request: 9.901556 seconds.
  path: Assets/DreamForestTree/DemoScene.unity
  artifactKey: Guid(6dc68697d72e283438f1cd3bd3441279) Importer(815301076,1909f56bfc062723c751e8b465ee728b)
Start importing Assets/DreamForestTree/DemoScene.unity using Guid(6dc68697d72e283438f1cd3bd3441279) Importer(815301076,1909f56bfc062723c751e8b465ee728b)  -> (artifact id: '1c8ce41a7a2bad4ee546edaf2c00238c') in 0.000607 seconds
Number of updated asset objects reloaded before import = 0
Number of asset objects unloaded after import = 0
========================================================================
Received Import Request.
  Time since last request: 334.917579 seconds.
  path: Assets/laxer Assets/creek/mountain creek demoSettings.lighting
  artifactKey: Guid(25957cf7ac158694f89088c10a542874) Importer(815301076,1909f56bfc062723c751e8b465ee728b)
Start importing Assets/laxer Assets/creek/mountain creek demoSettings.lighting using Guid(25957cf7ac158694f89088c10a542874) Importer(815301076,1909f56bfc062723c751e8b465ee728b) LightingSettings: switching bake backend from 1 to 0.
 -> (artifact id: '717340df5b5950166ee7787f107d59d9') in 0.001003 seconds
Number of updated asset objects reloaded before import = 0
Number of asset objects unloaded after import = 1
========================================================================
Received Import Request.
  Time since last request: 13.304881 seconds.
  path: Assets/laxer Assets/creek/Readme.pdf
  artifactKey: Guid(7df2fedb145ce61419b179748d5e17d0) Importer(815301076,1909f56bfc062723c751e8b465ee728b)
Start importing Assets/laxer Assets/creek/Readme.pdf using Guid(7df2fedb145ce61419b179748d5e17d0) Importer(815301076,1909f56bfc062723c751e8b465ee728b)  -> (artifact id: '8a6da2701f5a66d9460887f3b72a23f5') in 0.000726 seconds
Number of updated asset objects reloaded before import = 0
Number of asset objects unloaded after import = 1
========================================================================
Received Import Request.
  Time since last request: 52.008302 seconds.
  path: Assets/laxer Assets/Mountain 1.prefab
  artifactKey: Guid(c6206cf510675714bad5781432cfae00) Importer(815301076,1909f56bfc062723c751e8b465ee728b)
Start importing Assets/laxer Assets/Mountain 1.prefab using Guid(c6206cf510675714bad5781432cfae00) Importer(815301076,1909f56bfc062723c751e8b465ee728b)  -> (artifact id: '96c1987327426b7f4162a1c5d1fda9a9') in 0.225513 seconds
Number of updated asset objects reloaded before import = 0
Number of asset objects unloaded after import = 568
========================================================================
Received Import Request.
  Time since last request: 530.900446 seconds.
  path: Assets/laxer Assets/creek/Animations
  artifactKey: Guid(09a059daf537cec488ad3353b68fa6c2) Importer(815301076,1909f56bfc062723c751e8b465ee728b)
Start importing Assets/laxer Assets/creek/Animations using Guid(09a059daf537cec488ad3353b68fa6c2) Importer(815301076,1909f56bfc062723c751e8b465ee728b)  -> (artifact id: '02856e91e7d442d054d1e065eb9f3421') in 0.000658 seconds
Number of updated asset objects reloaded before import = 0
Number of asset objects unloaded after import = 0
========================================================================
Received Import Request.
  Time since last request: 447.708794 seconds.
  path: Assets/laxer Assets/Mountain.prefab
  artifactKey: Guid(edc6162c6cb059c45bf603c954b20302) Importer(815301076,1909f56bfc062723c751e8b465ee728b)
Start importing Assets/laxer Assets/Mountain.prefab using Guid(edc6162c6cb059c45bf603c954b20302) Importer(815301076,1909f56bfc062723c751e8b465ee728b)  -> (artifact id: 'fb75500d05c2435ae60dc898bac0e1d0') in 0.256574 seconds
Number of updated asset objects reloaded before import = 0
Number of asset objects unloaded after import = 568
========================================================================
Received Import Request.
  Time since last request: 365.946502 seconds.
  path: Assets/laxer Assets/Mountain.prefab
  artifactKey: Guid(edc6162c6cb059c45bf603c954b20302) Importer(815301076,1909f56bfc062723c751e8b465ee728b)
Start importing Assets/laxer Assets/Mountain.prefab using Guid(edc6162c6cb059c45bf603c954b20302) Importer(815301076,1909f56bfc062723c751e8b465ee728b)  -> (artifact id: '3e86cbde4b136381fca858864638bc12') in 0.079104 seconds
Number of updated asset objects reloaded before import = 0
Number of asset objects unloaded after import = 920
========================================================================
Received Import Request.
  Time since last request: 10.272068 seconds.
  path: Assets/laxer Assets/Mountain.prefab
  artifactKey: Guid(edc6162c6cb059c45bf603c954b20302) Importer(815301076,1909f56bfc062723c751e8b465ee728b)
Start importing Assets/laxer Assets/Mountain.prefab using Guid(edc6162c6cb059c45bf603c954b20302) Importer(815301076,1909f56bfc062723c751e8b465ee728b)  -> (artifact id: '1315ff1465f5892300c675b03462080d') in 0.075394 seconds
Number of updated asset objects reloaded before import = 0
Number of asset objects unloaded after import = 920
========================================================================
Received Import Request.
  Time since last request: 4.387188 seconds.
  path: Assets/laxer Assets/Mountain.prefab
  artifactKey: Guid(edc6162c6cb059c45bf603c954b20302) Importer(815301076,1909f56bfc062723c751e8b465ee728b)
Start importing Assets/laxer Assets/Mountain.prefab using Guid(edc6162c6cb059c45bf603c954b20302) Importer(815301076,1909f56bfc062723c751e8b465ee728b)  -> (artifact id: 'bc21278f14960d84b86c5dbebe2b028b') in 0.074903 seconds
Number of updated asset objects reloaded before import = 0
Number of asset objects unloaded after import = 920
========================================================================
Received Import Request.
  Time since last request: 10.263731 seconds.
  path: Assets/laxer Assets/Mountain.prefab
  artifactKey: Guid(edc6162c6cb059c45bf603c954b20302) Importer(815301076,1909f56bfc062723c751e8b465ee728b)
Start importing Assets/laxer Assets/Mountain.prefab using Guid(edc6162c6cb059c45bf603c954b20302) Importer(815301076,1909f56bfc062723c751e8b465ee728b)  -> (artifact id: '995f07cbbae4b307f5fbdf7d1fb3060a') in 0.074482 seconds
Number of updated asset objects reloaded before import = 0
Number of asset objects unloaded after import = 920
