Using pre-set license
Built from '2022.3/staging' branch; Version is '2022.3.8f1 (b5eafc012955) revision 11922172'; Using compiler version '192829333'; Build Type 'Release'
OS: 'Windows 11  (10.0.22621) 64bit Education' Language: 'en' Physical Memory: 32688 MB
BatchMode: 1, IsHumanControllingUs: 0, StartBugReporterOnCrash: 0, Is64bit: 1, IsPro: 1

COMMAND LINE ARGUMENTS:
C:\Program Files\Unity\Hub\Editor\2022.3.8f1\Editor\Unity.exe
-adb2
-batchMode
-noUpm
-name
AssetImportWorker22
-projectPath
C:/Users/dyl5/Documents/GitHub/Mindfulness/Mindfulness
-logFile
Logs/AssetImportWorker22.log
-srvPort
55627
Successfully changed project path to: C:/Users/dyl5/Documents/GitHub/Mindfulness/Mindfulness
C:/Users/dyl5/Documents/GitHub/Mindfulness/Mindfulness
[UnityMemory] Configuration Parameters - Can be set up in boot.config
    "memorysetup-bucket-allocator-granularity=16"
    "memorysetup-bucket-allocator-bucket-count=8"
    "memorysetup-bucket-allocator-block-size=33554432"
    "memorysetup-bucket-allocator-block-count=8"
    "memorysetup-main-allocator-block-size=16777216"
    "memorysetup-thread-allocator-block-size=16777216"
    "memorysetup-gfx-main-allocator-block-size=16777216"
    "memorysetup-gfx-thread-allocator-block-size=16777216"
    "memorysetup-cache-allocator-block-size=4194304"
    "memorysetup-typetree-allocator-block-size=2097152"
    "memorysetup-profiler-bucket-allocator-granularity=16"
    "memorysetup-profiler-bucket-allocator-bucket-count=8"
    "memorysetup-profiler-bucket-allocator-block-size=33554432"
    "memorysetup-profiler-bucket-allocator-block-count=8"
    "memorysetup-profiler-allocator-block-size=16777216"
    "memorysetup-profiler-editor-allocator-block-size=1048576"
    "memorysetup-temp-allocator-size-main=16777216"
    "memorysetup-job-temp-allocator-block-size=2097152"
    "memorysetup-job-temp-allocator-block-size-background=1048576"
    "memorysetup-job-temp-allocator-reduction-small-platforms=262144"
    "memorysetup-allocator-temp-initial-block-size-main=262144"
    "memorysetup-allocator-temp-initial-block-size-worker=262144"
    "memorysetup-temp-allocator-size-background-worker=32768"
    "memorysetup-temp-allocator-size-job-worker=262144"
    "memorysetup-temp-allocator-size-preload-manager=33554432"
    "memorysetup-temp-allocator-size-nav-mesh-worker=65536"
    "memorysetup-temp-allocator-size-audio-worker=65536"
    "memorysetup-temp-allocator-size-cloud-worker=32768"
    "memorysetup-temp-allocator-size-gi-baking-worker=262144"
    "memorysetup-temp-allocator-size-gfx=262144"
Player connection [12716] Host "[IP] 130.49.24.125 [Port] 0 [Flags] 2 [Guid] 182643320 [EditorId] 182643320 [Version] 1048832 [Id] WindowsEditor(7,Luigi) [Debug] 1 [PackageName] WindowsEditor [ProjectName] Editor" joined multi-casting on [225.0.0.222:54997]...

Player connection [12716] Host "[IP] 130.49.24.125 [Port] 0 [Flags] 2 [Guid] 182643320 [EditorId] 182643320 [Version] 1048832 [Id] WindowsEditor(7,Luigi) [Debug] 1 [PackageName] WindowsEditor [ProjectName] Editor" joined alternative multi-casting on [225.0.0.222:34997]...

[Physics::Module] Initialized MultithreadedJobDispatcher with 23 workers.
Refreshing native plugins compatible for Editor in 10.35 ms, found 6 plugins.
Preloading 0 native plugins for Editor in 0.00 ms.
Initialize engine version: 2022.3.8f1 (b5eafc012955)
[Subsystems] Discovering subsystems at path C:/Program Files/Unity/Hub/Editor/2022.3.8f1/Editor/Data/Resources/UnitySubsystems
[Subsystems] Discovering subsystems at path C:/Users/dyl5/Documents/GitHub/Mindfulness/Mindfulness/Assets
GfxDevice: creating device client; threaded=0; jobified=0
Direct3D:
    Version:  Direct3D 11.0 [level 11.1]
    Renderer: AMD Radeon RX 6800 XT (ID=0x73bf)
    Vendor:   ATI
    VRAM:     16338 MB
    Driver:   31.0.12002.92
Shader 'Custom/RainShader': fallback shader 'Particles/Alpha Blended' not found
Initialize mono
Mono path[0] = 'C:/Program Files/Unity/Hub/Editor/2022.3.8f1/Editor/Data/Managed'
Mono path[1] = 'C:/Program Files/Unity/Hub/Editor/2022.3.8f1/Editor/Data/MonoBleedingEdge/lib/mono/unityjit-win32'
Mono config path = 'C:/Program Files/Unity/Hub/Editor/2022.3.8f1/Editor/Data/MonoBleedingEdge/etc'
Using monoOptions --debugger-agent=transport=dt_socket,embedding=1,server=y,suspend=n,address=127.0.0.1:56472
Begin MonoManager ReloadAssembly
Registering precompiled unity dll's ...
Register platform support module: C:/Program Files/Unity/Hub/Editor/2022.3.8f1/Editor/Data/PlaybackEngines/WindowsStandaloneSupport/UnityEditor.WindowsStandalone.Extensions.dll
Registered in 0.005143 seconds.
- Loaded All Assemblies, in  0.241 seconds
Native extension for WindowsStandalone target not found
Mono: successfully reloaded assembly
- Finished resetting the current domain, in  0.183 seconds
Domain Reload Profiling: 423ms
	BeginReloadAssembly (78ms)
		ExecutionOrderSort (0ms)
		DisableScriptedObjects (0ms)
		BackupInstance (0ms)
		ReleaseScriptingObjects (0ms)
		CreateAndSetChildDomain (1ms)
	RebuildCommonClasses (23ms)
	RebuildNativeTypeToScriptingClass (8ms)
	initialDomainReloadingComplete (42ms)
	LoadAllAssembliesAndSetupDomain (89ms)
		LoadAssemblies (76ms)
		RebuildTransferFunctionScriptingTraits (0ms)
		AnalyzeDomain (87ms)
			TypeCache.Refresh (86ms)
				TypeCache.ScanAssembly (77ms)
			ScanForSourceGeneratedMonoScriptInfo (0ms)
			ResolveRequiredComponents (0ms)
	FinalizeReload (183ms)
		ReleaseScriptCaches (0ms)
		RebuildScriptCaches (0ms)
		SetupLoadedEditorAssemblies (142ms)
			LogAssemblyErrors (0ms)
			InitializePlatformSupportModulesInManaged (6ms)
			SetLoadedEditorAssemblies (5ms)
			RefreshPlugins (0ms)
			BeforeProcessingInitializeOnLoad (2ms)
			ProcessInitializeOnLoadAttributes (94ms)
			ProcessInitializeOnLoadMethodAttributes (35ms)
			AfterProcessingInitializeOnLoad (0ms)
			EditorAssembliesLoaded (0ms)
		ExecutionOrderSort2 (0ms)
		AwakeInstancesAfterBackupRestoration (0ms)
========================================================================
Worker process is ready to serve import requests
Begin MonoManager ReloadAssembly
- Loaded All Assemblies, in  0.458 seconds
Refreshing native plugins compatible for Editor in 5.27 ms, found 6 plugins.
Native extension for WindowsStandalone target not found
Package Manager log level set to [2]
[Package Manager] Server::EnsureServerProcessIsRunning -- launch failed, reason: Unity was launched with the -noUpm command-line argument
[Package Manager] UpmClient::Send -- Unable to send message (not connected to UPM process).
[Package Manager] Cannot connect to Unity Package Manager local server
[Package Manager] Server::EnsureServerProcessIsRunning -- launch failed, reason: Unity was launched with the -noUpm command-line argument
[Package Manager] UpmClient::Send -- Unable to send message (not connected to UPM process).
[Package Manager] Cannot connect to Unity Package Manager local server
Mono: successfully reloaded assembly
[Package Manager] Server::EnsureServerProcessIsRunning -- launch failed, reason: Unity was launched with the -noUpm command-line argument
[Package Manager] UpmClient::Send -- Unable to send message (not connected to UPM process).
[Package Manager] Cannot connect to Unity Package Manager local server
[Package Manager] Server::EnsureServerProcessIsRunning -- launch failed, reason: Unity was launched with the -noUpm command-line argument
[Package Manager] UpmClient::Send -- Unable to send message (not connected to UPM process).
[Package Manager] Cannot connect to Unity Package Manager local server
- Finished resetting the current domain, in  0.420 seconds
Domain Reload Profiling: 876ms
	BeginReloadAssembly (113ms)
		ExecutionOrderSort (0ms)
		DisableScriptedObjects (4ms)
		BackupInstance (0ms)
		ReleaseScriptingObjects (0ms)
		CreateAndSetChildDomain (20ms)
	RebuildCommonClasses (24ms)
	RebuildNativeTypeToScriptingClass (8ms)
	initialDomainReloadingComplete (31ms)
	LoadAllAssembliesAndSetupDomain (280ms)
		LoadAssemblies (215ms)
		RebuildTransferFunctionScriptingTraits (0ms)
		AnalyzeDomain (129ms)
			TypeCache.Refresh (111ms)
				TypeCache.ScanAssembly (100ms)
			ScanForSourceGeneratedMonoScriptInfo (12ms)
			ResolveRequiredComponents (4ms)
	FinalizeReload (421ms)
		ReleaseScriptCaches (0ms)
		RebuildScriptCaches (0ms)
		SetupLoadedEditorAssemblies (312ms)
			LogAssemblyErrors (0ms)
			InitializePlatformSupportModulesInManaged (4ms)
			SetLoadedEditorAssemblies (4ms)
			RefreshPlugins (0ms)
			BeforeProcessingInitializeOnLoad (49ms)
			ProcessInitializeOnLoadAttributes (237ms)
			ProcessInitializeOnLoadMethodAttributes (14ms)
			AfterProcessingInitializeOnLoad (5ms)
			EditorAssembliesLoaded (0ms)
		ExecutionOrderSort2 (0ms)
		AwakeInstancesAfterBackupRestoration (5ms)
Shader 'Custom/RainShader': fallback shader 'Particles/Alpha Blended' not found
Launched and connected shader compiler UnityShaderCompiler.exe after 0.04 seconds
Refreshing native plugins compatible for Editor in 6.28 ms, found 6 plugins.
Preloading 0 native plugins for Editor in 0.00 ms.
Unloading 3536 Unused Serialized files (Serialized files now loaded: 0)
Unloading 40 unused Assets / (0.7 MB). Loaded Objects now: 4026.
Memory consumption went from 161.7 MB to 161.1 MB.
Total: 3.762200 ms (FindLiveObjects: 0.337000 ms CreateObjectMapping: 0.227200 ms MarkObjects: 2.905900 ms  DeleteObjects: 0.291400 ms)

AssetImportParameters requested are different than current active one (requested -> active):
  custom:container-demuxer-ogg: 62fdf1f143b41e24485cea50d1cbac27 -> 
  custom:video-codec-MediaFoundation-h265: 746d11721c4dcdbdad8f713fa42b33f4 -> 
  custom:scripting/monoscript/fileName/OpenVRSimpleJSON.cs: af76c6d6c9c7fe2b8cfd370b2f29b59f -> 
  custom:video-decoder-ogg-theora: a1e56fd34408186e4bbccfd4996cb3dc -> 
  custom:framework-win-MediaFoundation: 216162199b28c13a410421893ffa2e32 -> 
  custom:CustomObjectIndexerAttribute: 756ad292c208cfabdd7b50bc23989ffe -> 
  custom:container-demuxer-webm: 4f35f7cbe854078d1ac9338744f61a02 -> 
  custom:scripting/monoscript/fileName/openvr_api.cs: 11689c8c2639fd24a0e41533c48d01d8 -> 36807afffcc5513f5c53e2374c9e4f8d
  custom:container-muxer-webm: aa71ff27fc2769a1b78a27578f13a17b -> 
  custom:video-decoder-webm-vp8: 9c59270c3fd7afecdb556c50c9e8de78 -> 
  custom:SearchIndexIgnoredProperties: e643bd26f0fe6173181afceb89e7c659 -> 
  custom:AudioImporter_EditorPlatform: d09bf68614088b80899f8185d706f6e7 -> 
  custom:video-encoder-webm-vp8: eb34c28f22e8b96e1ab97ce403110664 -> 
  custom:audio-decoder-ogg-vorbis: bf7c407c2cedff20999df2af8eb42d56 -> 
  custom:scripting/monoscript/fileName/OpenVRPackageInstaller.cs: 49d3f53a942f8df25df5bc20b4549812 -> 
  custom:audio-encoder-webm-vorbis: bf7c407c2cedff20999df2af8eb42d56 -> 
========================================================================
Received Import Request.
  Time since last request: 609793.514453 seconds.
  path: Assets/Environment.prefab
  artifactKey: Guid(4c9bc5929291adb4dba289de5f17e52d) Importer(815301076,1909f56bfc062723c751e8b465ee728b)
Start importing Assets/Environment.prefab using Guid(4c9bc5929291adb4dba289de5f17e52d) Importer(815301076,1909f56bfc062723c751e8b465ee728b)  -> (artifact id: '20fc20910e9372024f7919530f90784c') in 0.196589 seconds
Number of updated asset objects reloaded before import = 0
Number of asset objects unloaded after import = 61
========================================================================
Received Import Request.
  Time since last request: 4.655892 seconds.
  path: Assets/Simple Interactable.prefab
  artifactKey: Guid(7e282882a39b75a498e106f424048cc3) Importer(815301076,1909f56bfc062723c751e8b465ee728b)
Start importing Assets/Simple Interactable.prefab using Guid(7e282882a39b75a498e106f424048cc3) Importer(815301076,1909f56bfc062723c751e8b465ee728b)  -> (artifact id: 'aa0f50544c31ac86dff780b971331506') in 0.067008 seconds
Number of updated asset objects reloaded before import = 0
Number of asset objects unloaded after import = 141
========================================================================
Received Import Request.
  Time since last request: 28.617588 seconds.
  path: Assets/Interesting Interactables.prefab
  artifactKey: Guid(e4f1632cf99b6ac4e9cc6a31b920991d) Importer(815301076,1909f56bfc062723c751e8b465ee728b)
Start importing Assets/Interesting Interactables.prefab using Guid(e4f1632cf99b6ac4e9cc6a31b920991d) Importer(815301076,1909f56bfc062723c751e8b465ee728b)  -> (artifact id: '6e36a0e32c63e4be05a06849d422b2ab') in 0.115486 seconds
Number of updated asset objects reloaded before import = 0
Number of asset objects unloaded after import = 629
========================================================================
Received Prepare
Begin MonoManager ReloadAssembly
- Loaded All Assemblies, in  1.544 seconds
Refreshing native plugins compatible for Editor in 6.27 ms, found 6 plugins.
Native extension for WindowsStandalone target not found
[Package Manager] Server::EnsureServerProcessIsRunning -- launch failed, reason: Unity was launched with the -noUpm command-line argument
[Package Manager] UpmClient::Send -- Unable to send message (not connected to UPM process).
[Package Manager] Cannot connect to Unity Package Manager local server
[Package Manager] Server::EnsureServerProcessIsRunning -- launch failed, reason: Unity was launched with the -noUpm command-line argument
[Package Manager] UpmClient::Send -- Unable to send message (not connected to UPM process).
[Package Manager] Cannot connect to Unity Package Manager local server
Mono: successfully reloaded assembly
[Package Manager] Server::EnsureServerProcessIsRunning -- launch failed, reason: Unity was launched with the -noUpm command-line argument
[Package Manager] UpmClient::Send -- Unable to send message (not connected to UPM process).
[Package Manager] Cannot connect to Unity Package Manager local server
- Finished resetting the current domain, in  6.286 seconds
Domain Reload Profiling: 7828ms
	BeginReloadAssembly (125ms)
		ExecutionOrderSort (0ms)
		DisableScriptedObjects (4ms)
		BackupInstance (0ms)
		ReleaseScriptingObjects (0ms)
		CreateAndSetChildDomain (33ms)
	RebuildCommonClasses (23ms)
	RebuildNativeTypeToScriptingClass (8ms)
	initialDomainReloadingComplete (21ms)
	LoadAllAssembliesAndSetupDomain (1364ms)
		LoadAssemblies (1416ms)
		RebuildTransferFunctionScriptingTraits (0ms)
		AnalyzeDomain (11ms)
			TypeCache.Refresh (5ms)
				TypeCache.ScanAssembly (0ms)
			ScanForSourceGeneratedMonoScriptInfo (0ms)
			ResolveRequiredComponents (5ms)
	FinalizeReload (6286ms)
		ReleaseScriptCaches (0ms)
		RebuildScriptCaches (0ms)
		SetupLoadedEditorAssemblies (280ms)
			LogAssemblyErrors (0ms)
			InitializePlatformSupportModulesInManaged (4ms)
			SetLoadedEditorAssemblies (3ms)
			RefreshPlugins (0ms)
			BeforeProcessingInitializeOnLoad (50ms)
			ProcessInitializeOnLoadAttributes (204ms)
			ProcessInitializeOnLoadMethodAttributes (13ms)
			AfterProcessingInitializeOnLoad (5ms)
			EditorAssembliesLoaded (0ms)
		ExecutionOrderSort2 (0ms)
		AwakeInstancesAfterBackupRestoration (5ms)
Shader 'Custom/RainShader': fallback shader 'Particles/Alpha Blended' not found
Refreshing native plugins compatible for Editor in 6.49 ms, found 6 plugins.
Preloading 0 native plugins for Editor in 0.00 ms.
Unloading 3470 Unused Serialized files (Serialized files now loaded: 0)
Unloading 32 unused Assets / (0.7 MB). Loaded Objects now: 4046.
Memory consumption went from 154.0 MB to 153.3 MB.
Total: 3.530200 ms (FindLiveObjects: 0.266300 ms CreateObjectMapping: 0.093400 ms MarkObjects: 2.834200 ms  DeleteObjects: 0.335800 ms)

Prepare: number of updated asset objects reloaded= 0
AssetImportParameters requested are different than current active one (requested -> active):
  custom:container-demuxer-ogg: 62fdf1f143b41e24485cea50d1cbac27 -> 
  custom:video-codec-MediaFoundation-h265: 746d11721c4dcdbdad8f713fa42b33f4 -> 
  custom:scripting/monoscript/fileName/OpenVRSimpleJSON.cs: af76c6d6c9c7fe2b8cfd370b2f29b59f -> 
  custom:video-decoder-ogg-theora: a1e56fd34408186e4bbccfd4996cb3dc -> 
  custom:framework-win-MediaFoundation: 216162199b28c13a410421893ffa2e32 -> 
  custom:CustomObjectIndexerAttribute: 756ad292c208cfabdd7b50bc23989ffe -> 
  custom:container-demuxer-webm: 4f35f7cbe854078d1ac9338744f61a02 -> 
  custom:scripting/monoscript/fileName/openvr_api.cs: 11689c8c2639fd24a0e41533c48d01d8 -> 36807afffcc5513f5c53e2374c9e4f8d
  custom:container-muxer-webm: aa71ff27fc2769a1b78a27578f13a17b -> 
  custom:video-decoder-webm-vp8: 9c59270c3fd7afecdb556c50c9e8de78 -> 
  custom:SearchIndexIgnoredProperties: e643bd26f0fe6173181afceb89e7c659 -> 
  custom:AudioImporter_EditorPlatform: d09bf68614088b80899f8185d706f6e7 -> 
  custom:video-encoder-webm-vp8: eb34c28f22e8b96e1ab97ce403110664 -> 
  custom:audio-decoder-ogg-vorbis: bf7c407c2cedff20999df2af8eb42d56 -> 
  custom:scripting/monoscript/fileName/OpenVRPackageInstaller.cs: 49d3f53a942f8df25df5bc20b4549812 -> 
  custom:audio-encoder-webm-vorbis: bf7c407c2cedff20999df2af8eb42d56 -> 
========================================================================
Received Import Request.
  Time since last request: 370.499798 seconds.
  path: Assets/SteamVR/InteractionSystem/Samples/Textures
  artifactKey: Guid(303c0377fb1be1b4bac98a420b0d62bd) Importer(815301076,1909f56bfc062723c751e8b465ee728b)
Start importing Assets/SteamVR/InteractionSystem/Samples/Textures using Guid(303c0377fb1be1b4bac98a420b0d62bd) Importer(815301076,1909f56bfc062723c751e8b465ee728b)  -> (artifact id: '02b3778561a3ce84b556008ae9bfb080') in 0.001767 seconds
Number of updated asset objects reloaded before import = 0
Number of asset objects unloaded after import = 0
========================================================================
Received Import Request.
  Time since last request: 0.080136 seconds.
  path: Assets/SteamVR/InteractionSystem/Samples/Textures/checker.png
  artifactKey: Guid(ad562515403c3204cbdc9f1d5f899bfa) Importer(815301076,1909f56bfc062723c751e8b465ee728b)
Start importing Assets/SteamVR/InteractionSystem/Samples/Textures/checker.png using Guid(ad562515403c3204cbdc9f1d5f899bfa) Importer(815301076,1909f56bfc062723c751e8b465ee728b)  -> (artifact id: 'a7a9fccc4c96d37af8e2f3860cacaa14') in 0.047895 seconds
Number of updated asset objects reloaded before import = 0
Number of asset objects unloaded after import = 2
========================================================================
Received Import Request.
  Time since last request: 0.003136 seconds.
  path: Assets/SteamVR/InteractionSystem/Samples/Textures/oldControllerVelocity.png
  artifactKey: Guid(1b0a81148594a0145a30fb42626127ea) Importer(815301076,1909f56bfc062723c751e8b465ee728b)
Start importing Assets/SteamVR/InteractionSystem/Samples/Textures/oldControllerVelocity.png using Guid(1b0a81148594a0145a30fb42626127ea) Importer(815301076,1909f56bfc062723c751e8b465ee728b)  -> (artifact id: '42a9b5e26cbe0ce51a05623d96569e97') in 0.013115 seconds
Number of updated asset objects reloaded before import = 0
Number of asset objects unloaded after import = 2
========================================================================
Received Import Request.
  Time since last request: 0.000037 seconds.
  path: Assets/SteamVR/InteractionSystem/Samples/Textures/TargetLO_target_AlbedoTransparency.png
  artifactKey: Guid(91b30a893c129cf49b8d020f6fc6a807) Importer(815301076,1909f56bfc062723c751e8b465ee728b)
Start importing Assets/SteamVR/InteractionSystem/Samples/Textures/TargetLO_target_AlbedoTransparency.png using Guid(91b30a893c129cf49b8d020f6fc6a807) Importer(815301076,1909f56bfc062723c751e8b465ee728b)  -> (artifact id: '6ee3beb2872125118bde955edee67626') in 0.016111 seconds
Number of updated asset objects reloaded before import = 0
Number of asset objects unloaded after import = 2
========================================================================
Received Import Request.
  Time since last request: 0.000015 seconds.
  path: Assets/SteamVR/InteractionSystem/Samples/Textures/estimatedOnObject.png
  artifactKey: Guid(0d7512e9f3d5af340be754fb56d4c263) Importer(815301076,1909f56bfc062723c751e8b465ee728b)
Start importing Assets/SteamVR/InteractionSystem/Samples/Textures/estimatedOnObject.png using Guid(0d7512e9f3d5af340be754fb56d4c263) Importer(815301076,1909f56bfc062723c751e8b465ee728b)  -> (artifact id: '035b99c14422503e46628e76ba05b361') in 0.017497 seconds
Number of updated asset objects reloaded before import = 0
Number of asset objects unloaded after import = 2
========================================================================
Received Import Request.
  Time since last request: 0.000057 seconds.
  path: Assets/SteamVR/InteractionSystem/Samples/Textures/fabric.png
  artifactKey: Guid(f38d8e4ac87f9894fae9b325586a30c0) Importer(815301076,1909f56bfc062723c751e8b465ee728b)
Start importing Assets/SteamVR/InteractionSystem/Samples/Textures/fabric.png using Guid(f38d8e4ac87f9894fae9b325586a30c0) Importer(815301076,1909f56bfc062723c751e8b465ee728b)  -> (artifact id: 'f89c4741c99bbc73de6d84543b34bcbd') in 0.013231 seconds
Number of updated asset objects reloaded before import = 0
Number of asset objects unloaded after import = 2
========================================================================
Received Import Request.
  Time since last request: 0.000015 seconds.
  path: Assets/SteamVR/InteractionSystem/Samples/Textures/measurementTape.png
  artifactKey: Guid(9358cb3541f30894c857da8e20533484) Importer(815301076,1909f56bfc062723c751e8b465ee728b)
Start importing Assets/SteamVR/InteractionSystem/Samples/Textures/measurementTape.png using Guid(9358cb3541f30894c857da8e20533484) Importer(815301076,1909f56bfc062723c751e8b465ee728b)  -> (artifact id: 'fa9cc2f100887ebfeecd231cdb3b85e2') in 0.013466 seconds
Number of updated asset objects reloaded before import = 0
Number of asset objects unloaded after import = 2
========================================================================
Received Import Request.
  Time since last request: 0.000034 seconds.
  path: Assets/SteamVR/InteractionSystem/Samples/Textures/fabric nrm.png
  artifactKey: Guid(7927253fa6653fe4f86150e8a01de6cc) Importer(815301076,1909f56bfc062723c751e8b465ee728b)
Start importing Assets/SteamVR/InteractionSystem/Samples/Textures/fabric nrm.png using Guid(7927253fa6653fe4f86150e8a01de6cc) Importer(815301076,1909f56bfc062723c751e8b465ee728b)  -> (artifact id: '2357c38bf311eb5957ecfffc396c1c44') in 0.032641 seconds
Number of updated asset objects reloaded before import = 0
Number of asset objects unloaded after import = 2
========================================================================
Received Import Request.
  Time since last request: 3.022850 seconds.
  path: Assets/SteamVR/InteractionSystem/Samples/Prefabs
  artifactKey: Guid(d1a38babac376b7418f11ad0254a0cf2) Importer(815301076,1909f56bfc062723c751e8b465ee728b)
Start importing Assets/SteamVR/InteractionSystem/Samples/Prefabs using Guid(d1a38babac376b7418f11ad0254a0cf2) Importer(815301076,1909f56bfc062723c751e8b465ee728b)  -> (artifact id: '83479ec816026e3ba56d8f69049c10f3') in 0.000517 seconds
Number of updated asset objects reloaded before import = 0
Number of asset objects unloaded after import = 0
========================================================================
Received Import Request.
  Time since last request: 0.200235 seconds.
  path: Assets/SteamVR/InteractionSystem/Samples/Prefabs/Buggy.prefab
  artifactKey: Guid(1e914d8e31fa95b488c87df17e68d504) Importer(815301076,1909f56bfc062723c751e8b465ee728b)
Start importing Assets/SteamVR/InteractionSystem/Samples/Prefabs/Buggy.prefab using Guid(1e914d8e31fa95b488c87df17e68d504) Importer(815301076,1909f56bfc062723c751e8b465ee728b)  -> (artifact id: 'e8b1876e09534644ed934352fb6dc99e') in 0.188338 seconds
Number of updated asset objects reloaded before import = 0
Number of asset objects unloaded after import = 114
========================================================================
Received Import Request.
  Time since last request: 0.000015 seconds.
  path: Assets/SteamVR/InteractionSystem/Samples/Prefabs/ThrowableCube.prefab
  artifactKey: Guid(fb710a001890d9a44bb74a8ce4f20cc0) Importer(815301076,1909f56bfc062723c751e8b465ee728b)
Start importing Assets/SteamVR/InteractionSystem/Samples/Prefabs/ThrowableCube.prefab using Guid(fb710a001890d9a44bb74a8ce4f20cc0) Importer(815301076,1909f56bfc062723c751e8b465ee728b)  -> (artifact id: '1b6545ba8adbec32902e1d02e17ffc5b') in 0.362231 seconds
Number of updated asset objects reloaded before import = 0
Number of asset objects unloaded after import = 304
========================================================================
Received Import Request.
  Time since last request: 0.000023 seconds.
  path: Assets/SteamVR/InteractionSystem/Samples/Prefabs/ThrowableBall.prefab
  artifactKey: Guid(e0b086fbb874df143b6ac8f53cea5424) Importer(815301076,1909f56bfc062723c751e8b465ee728b)
Start importing Assets/SteamVR/InteractionSystem/Samples/Prefabs/ThrowableBall.prefab using Guid(e0b086fbb874df143b6ac8f53cea5424) Importer(815301076,1909f56bfc062723c751e8b465ee728b)  -> (artifact id: '99eb91217be70700ea10834589122b8a') in 0.040449 seconds
Number of updated asset objects reloaded before import = 0
Number of asset objects unloaded after import = 304
========================================================================
Received Import Request.
  Time since last request: 2.371488 seconds.
  path: Assets/SteamVR/InteractionSystem/Samples/Models
  artifactKey: Guid(0f4815448fea8a84d99c4b54cd5587ed) Importer(815301076,1909f56bfc062723c751e8b465ee728b)
Start importing Assets/SteamVR/InteractionSystem/Samples/Models using Guid(0f4815448fea8a84d99c4b54cd5587ed) Importer(815301076,1909f56bfc062723c751e8b465ee728b)  -> (artifact id: 'dec3a38312186295359d25039a832f0b') in 0.000519 seconds
Number of updated asset objects reloaded before import = 0
Number of asset objects unloaded after import = 0
========================================================================
Received Import Request.
  Time since last request: 0.094751 seconds.
  path: Assets/SteamVR/InteractionSystem/Samples/Models/black_floor_metal_001a.jpg
  artifactKey: Guid(31a81610aba97a948b33ac6481d66c25) Importer(815301076,1909f56bfc062723c751e8b465ee728b)
Start importing Assets/SteamVR/InteractionSystem/Samples/Models/black_floor_metal_001a.jpg using Guid(31a81610aba97a948b33ac6481d66c25) Importer(815301076,1909f56bfc062723c751e8b465ee728b)  -> (artifact id: '954a19de2998dd4d6bdff840b20bdffd') in 0.011735 seconds
Number of updated asset objects reloaded before import = 0
Number of asset objects unloaded after import = 2
========================================================================
Received Import Request.
  Time since last request: 0.000017 seconds.
  path: Assets/SteamVR/InteractionSystem/Samples/Models/Furniture.fbx
  artifactKey: Guid(2e710f2b5a4f9674183207e79056e879) Importer(815301076,1909f56bfc062723c751e8b465ee728b)
Start importing Assets/SteamVR/InteractionSystem/Samples/Models/Furniture.fbx using Guid(2e710f2b5a4f9674183207e79056e879) Importer(815301076,1909f56bfc062723c751e8b465ee728b)  -> (artifact id: 'e92471c1324ba8c40ec3403e051944f8') in 0.120445 seconds
Number of updated asset objects reloaded before import = 0
Number of asset objects unloaded after import = 28
========================================================================
Received Import Request.
  Time since last request: 1.980391 seconds.
  path: Assets/SteamVR/InteractionSystem/Samples/Materials
  artifactKey: Guid(452b45a02bfe51243a19acb7251c865b) Importer(815301076,1909f56bfc062723c751e8b465ee728b)
Start importing Assets/SteamVR/InteractionSystem/Samples/Materials using Guid(452b45a02bfe51243a19acb7251c865b) Importer(815301076,1909f56bfc062723c751e8b465ee728b)  -> (artifact id: 'ce51535ffeb2bdac3f0bc076c7e27e22') in 0.000513 seconds
Number of updated asset objects reloaded before import = 0
Number of asset objects unloaded after import = 0
========================================================================
Received Import Request.
  Time since last request: 0.087412 seconds.
  path: Assets/SteamVR/InteractionSystem/Samples/Materials/flowerMat.mat
  artifactKey: Guid(0308a1af4b58be146947cb7f05f0b7cd) Importer(815301076,1909f56bfc062723c751e8b465ee728b)
Start importing Assets/SteamVR/InteractionSystem/Samples/Materials/flowerMat.mat using Guid(0308a1af4b58be146947cb7f05f0b7cd) Importer(815301076,1909f56bfc062723c751e8b465ee728b)  -> (artifact id: '2d2ca07839e920ece77f318492e085e4') in 0.023035 seconds
Number of updated asset objects reloaded before import = 0
Number of asset objects unloaded after import = 1
========================================================================
Received Import Request.
  Time since last request: 0.012878 seconds.
  path: Assets/SteamVR/InteractionSystem/Samples/Materials/ShinyWhite.mat
  artifactKey: Guid(7e90f10e44a186a49a00679d068515ed) Importer(815301076,1909f56bfc062723c751e8b465ee728b)
Start importing Assets/SteamVR/InteractionSystem/Samples/Materials/ShinyWhite.mat using Guid(7e90f10e44a186a49a00679d068515ed) Importer(815301076,1909f56bfc062723c751e8b465ee728b)  -> (artifact id: 'ba076985f07bb5029af233710982708e') in 0.013965 seconds
Number of updated asset objects reloaded before import = 0
Number of asset objects unloaded after import = 1
========================================================================
Received Import Request.
  Time since last request: 0.000088 seconds.
  path: Assets/SteamVR/InteractionSystem/Samples/Materials/ShinyWhiteHighlightedOld.mat
  artifactKey: Guid(c5a10ebcdfbfdfe4e94b37a089618ed5) Importer(815301076,1909f56bfc062723c751e8b465ee728b)
Start importing Assets/SteamVR/InteractionSystem/Samples/Materials/ShinyWhiteHighlightedOld.mat using Guid(c5a10ebcdfbfdfe4e94b37a089618ed5) Importer(815301076,1909f56bfc062723c751e8b465ee728b)  -> (artifact id: '88c208940ae2170220bd81053a6fbe64') in 0.013469 seconds
Number of updated asset objects reloaded before import = 0
Number of asset objects unloaded after import = 2
========================================================================
Received Import Request.
  Time since last request: 0.000016 seconds.
  path: Assets/SteamVR/InteractionSystem/Samples/Materials/ShinyWhiteOld.mat
  artifactKey: Guid(649eefdf1f621454985e3af87eb76b8f) Importer(815301076,1909f56bfc062723c751e8b465ee728b)
Start importing Assets/SteamVR/InteractionSystem/Samples/Materials/ShinyWhiteOld.mat using Guid(649eefdf1f621454985e3af87eb76b8f) Importer(815301076,1909f56bfc062723c751e8b465ee728b)  -> (artifact id: '543ec1f254e38bb8ae134c863c864517') in 0.011124 seconds
Number of updated asset objects reloaded before import = 0
Number of asset objects unloaded after import = 2
========================================================================
Received Import Request.
  Time since last request: 0.000016 seconds.
  path: Assets/SteamVR/InteractionSystem/Samples/Materials/ShinyWhiteHighlightedHand.mat
  artifactKey: Guid(01e070cb2f8dde54b88866d7a3896d64) Importer(815301076,1909f56bfc062723c751e8b465ee728b)
Start importing Assets/SteamVR/InteractionSystem/Samples/Materials/ShinyWhiteHighlightedHand.mat using Guid(01e070cb2f8dde54b88866d7a3896d64) Importer(815301076,1909f56bfc062723c751e8b465ee728b)  -> (artifact id: 'c2308cf926c5bfe1a348c616388ce922') in 0.019648 seconds
Number of updated asset objects reloaded before import = 0
Number of asset objects unloaded after import = 2
========================================================================
Received Import Request.
  Time since last request: 0.000016 seconds.
  path: Assets/SteamVR/InteractionSystem/Samples/Materials/URPflowerMatOp.mat
  artifactKey: Guid(ac9d55e9d2534df40a84030248c00fb0) Importer(815301076,1909f56bfc062723c751e8b465ee728b)
Start importing Assets/SteamVR/InteractionSystem/Samples/Materials/URPflowerMatOp.mat using Guid(ac9d55e9d2534df40a84030248c00fb0) Importer(815301076,1909f56bfc062723c751e8b465ee728b)  -> (artifact id: '226115edb15e561a078202c187d3a3fe') in 0.031021 seconds
Number of updated asset objects reloaded before import = 0
Number of asset objects unloaded after import = 1
Editor requested this worker to shutdown with reason: Scaling down because of idle timeout
TcpMessagingSession - receive error: operation aborted. errorcode: 995, details: The I/O operation has been aborted because of either a thread exit or an application request.
AssetImportWorker is now disconnected from the server
Process exiting
Exiting without the bug reporter. Application will terminate with return code 0