Using pre-set license
Built from '2022.3/staging' branch; Version is '2022.3.8f1 (b5eafc012955) revision 11922172'; Using compiler version '192829333'; Build Type 'Release'
OS: 'Windows 11  (10.0.22621) 64bit Education' Language: 'en' Physical Memory: 32688 MB
BatchMode: 1, IsHumanControllingUs: 0, StartBugReporterOnCrash: 0, Is64bit: 1, IsPro: 1

COMMAND LINE ARGUMENTS:
C:\Program Files\Unity\Hub\Editor\2022.3.8f1\Editor\Unity.exe
-adb2
-batchMode
-noUpm
-name
AssetImportWorker8
-projectPath
C:/Users/dyl5/Documents/GitHub/Mindfulness/Mindfulness
-logFile
Logs/AssetImportWorker8.log
-srvPort
55627
Successfully changed project path to: C:/Users/dyl5/Documents/GitHub/Mindfulness/Mindfulness
C:/Users/dyl5/Documents/GitHub/Mindfulness/Mindfulness
[UnityMemory] Configuration Parameters - Can be set up in boot.config
    "memorysetup-bucket-allocator-granularity=16"
    "memorysetup-bucket-allocator-bucket-count=8"
    "memorysetup-bucket-allocator-block-size=33554432"
    "memorysetup-bucket-allocator-block-count=8"
    "memorysetup-main-allocator-block-size=16777216"
    "memorysetup-thread-allocator-block-size=16777216"
    "memorysetup-gfx-main-allocator-block-size=16777216"
    "memorysetup-gfx-thread-allocator-block-size=16777216"
    "memorysetup-cache-allocator-block-size=4194304"
    "memorysetup-typetree-allocator-block-size=2097152"
    "memorysetup-profiler-bucket-allocator-granularity=16"
    "memorysetup-profiler-bucket-allocator-bucket-count=8"
    "memorysetup-profiler-bucket-allocator-block-size=33554432"
    "memorysetup-profiler-bucket-allocator-block-count=8"
    "memorysetup-profiler-allocator-block-size=16777216"
    "memorysetup-profiler-editor-allocator-block-size=1048576"
    "memorysetup-temp-allocator-size-main=16777216"
    "memorysetup-job-temp-allocator-block-size=2097152"
    "memorysetup-job-temp-allocator-block-size-background=1048576"
    "memorysetup-job-temp-allocator-reduction-small-platforms=262144"
    "memorysetup-allocator-temp-initial-block-size-main=262144"
    "memorysetup-allocator-temp-initial-block-size-worker=262144"
    "memorysetup-temp-allocator-size-background-worker=32768"
    "memorysetup-temp-allocator-size-job-worker=262144"
    "memorysetup-temp-allocator-size-preload-manager=33554432"
    "memorysetup-temp-allocator-size-nav-mesh-worker=65536"
    "memorysetup-temp-allocator-size-audio-worker=65536"
    "memorysetup-temp-allocator-size-cloud-worker=32768"
    "memorysetup-temp-allocator-size-gi-baking-worker=262144"
    "memorysetup-temp-allocator-size-gfx=262144"
Player connection [25320] Host "[IP] 130.49.24.125 [Port] 0 [Flags] 2 [Guid] 2031831744 [EditorId] 2031831744 [Version] 1048832 [Id] WindowsEditor(7,Luigi) [Debug] 1 [PackageName] WindowsEditor [ProjectName] Editor" joined multi-casting on [225.0.0.222:54997]...

Player connection [25320] Host "[IP] 130.49.24.125 [Port] 0 [Flags] 2 [Guid] 2031831744 [EditorId] 2031831744 [Version] 1048832 [Id] WindowsEditor(7,Luigi) [Debug] 1 [PackageName] WindowsEditor [ProjectName] Editor" joined alternative multi-casting on [225.0.0.222:34997]...

[Physics::Module] Initialized MultithreadedJobDispatcher with 23 workers.
Refreshing native plugins compatible for Editor in 1129.84 ms, found 3 plugins.
Preloading 0 native plugins for Editor in 0.00 ms.
Initialize engine version: 2022.3.8f1 (b5eafc012955)
[Subsystems] Discovering subsystems at path C:/Program Files/Unity/Hub/Editor/2022.3.8f1/Editor/Data/Resources/UnitySubsystems
[Subsystems] Discovering subsystems at path C:/Users/dyl5/Documents/GitHub/Mindfulness/Mindfulness/Assets
GfxDevice: creating device client; threaded=0; jobified=0
Direct3D:
    Version:  Direct3D 11.0 [level 11.1]
    Renderer: AMD Radeon RX 6800 XT (ID=0x73bf)
    Vendor:   ATI
    VRAM:     16338 MB
    Driver:   31.0.12002.92
Shader 'Custom/RainShader': fallback shader 'Particles/Alpha Blended' not found
Initialize mono
Mono path[0] = 'C:/Program Files/Unity/Hub/Editor/2022.3.8f1/Editor/Data/Managed'
Mono path[1] = 'C:/Program Files/Unity/Hub/Editor/2022.3.8f1/Editor/Data/MonoBleedingEdge/lib/mono/unityjit-win32'
Mono config path = 'C:/Program Files/Unity/Hub/Editor/2022.3.8f1/Editor/Data/MonoBleedingEdge/etc'
Using monoOptions --debugger-agent=transport=dt_socket,embedding=1,server=y,suspend=n,address=127.0.0.1:56336
Begin MonoManager ReloadAssembly
Registering precompiled unity dll's ...
Register platform support module: C:/Program Files/Unity/Hub/Editor/2022.3.8f1/Editor/Data/PlaybackEngines/WindowsStandaloneSupport/UnityEditor.WindowsStandalone.Extensions.dll
Registered in 0.069610 seconds.
- Loaded All Assemblies, in  3.890 seconds
Native extension for WindowsStandalone target not found
Mono: successfully reloaded assembly
- Finished resetting the current domain, in  0.189 seconds
Domain Reload Profiling: 4078ms
	BeginReloadAssembly (2934ms)
		ExecutionOrderSort (0ms)
		DisableScriptedObjects (0ms)
		BackupInstance (0ms)
		ReleaseScriptingObjects (0ms)
		CreateAndSetChildDomain (1ms)
	RebuildCommonClasses (269ms)
	RebuildNativeTypeToScriptingClass (8ms)
	initialDomainReloadingComplete (108ms)
	LoadAllAssembliesAndSetupDomain (569ms)
		LoadAssemblies (2932ms)
		RebuildTransferFunctionScriptingTraits (0ms)
		AnalyzeDomain (568ms)
			TypeCache.Refresh (567ms)
				TypeCache.ScanAssembly (407ms)
			ScanForSourceGeneratedMonoScriptInfo (0ms)
			ResolveRequiredComponents (0ms)
	FinalizeReload (190ms)
		ReleaseScriptCaches (0ms)
		RebuildScriptCaches (0ms)
		SetupLoadedEditorAssemblies (147ms)
			LogAssemblyErrors (0ms)
			InitializePlatformSupportModulesInManaged (6ms)
			SetLoadedEditorAssemblies (5ms)
			RefreshPlugins (0ms)
			BeforeProcessingInitializeOnLoad (2ms)
			ProcessInitializeOnLoadAttributes (95ms)
			ProcessInitializeOnLoadMethodAttributes (39ms)
			AfterProcessingInitializeOnLoad (0ms)
			EditorAssembliesLoaded (0ms)
		ExecutionOrderSort2 (0ms)
		AwakeInstancesAfterBackupRestoration (0ms)
========================================================================
Worker process is ready to serve import requests
Begin MonoManager ReloadAssembly
- Loaded All Assemblies, in  3.602 seconds
Refreshing native plugins compatible for Editor in 2.22 ms, found 3 plugins.
Native extension for WindowsStandalone target not found
[ScriptCompilation] NOT recompiling all scripts because this is an import worker process. Reason to compile was: Define symbols changed
System.ArgumentException: There is no a valid NamedBuildTarget for BuildTargetGroup 'PSM'
  at UnityEditor.Build.NamedBuildTarget.FromBuildTargetGroup (UnityEditor.BuildTargetGroup buildTargetGroup) [0x00159] in <35c0e5f206594d2fa707969117964d70>:0 
  at UnityEditor.PlayerSettings.GetScriptingDefineSymbolsForGroup (UnityEditor.BuildTargetGroup targetGroup) [0x00000] in <35c0e5f206594d2fa707969117964d70>:0 
  at UnityStandardAssets.CrossPlatformInput.Inspector.CrossPlatformInitialize.GetDefinesList (UnityEditor.BuildTargetGroup group) [0x00000] in C:\Users\dyl5\Documents\GitHub\Mindfulness\Mindfulness\Assets\Water Float\Demo\Standard Assets\Editor\CrossPlatformInput\CrossPlatformInputInitialize.cs:134 
  at UnityStandardAssets.CrossPlatformInput.Inspector.CrossPlatformInitialize.SetEnabled (System.String defineName, System.Boolean enable, System.Boolean mobile) [0x00018] in C:\Users\dyl5\Documents\GitHub\Mindfulness\Mindfulness\Assets\Water Float\Demo\Standard Assets\Editor\CrossPlatformInput\CrossPlatformInputInitialize.cs:106 
  at UnityStandardAssets.CrossPlatformInput.Inspector.CrossPlatformInitialize..cctor () [0x00050] in C:\Users\dyl5\Documents\GitHub\Mindfulness\Mindfulness\Assets\Water Float\Demo\Standard Assets\Editor\CrossPlatformInput\CrossPlatformInputInitialize.cs:22 
UnityEngine.StackTraceUtility:ExtractStackTrace ()
UnityEngine.DebugLogHandler:LogFormat (UnityEngine.LogType,UnityEngine.Object,string,object[])
UnityEngine.Logger:Log (UnityEngine.LogType,object)
UnityEngine.Debug:LogError (object)
UnityEditor.EditorAssemblies:ProcessInitializeOnLoadAttributes (System.Type[])

Package Manager log level set to [2]
[Package Manager] Server::EnsureServerProcessIsRunning -- launch failed, reason: Unity was launched with the -noUpm command-line argument
[Package Manager] UpmClient::Send -- Unable to send message (not connected to UPM process).
[Package Manager] Cannot connect to Unity Package Manager local server
Mono: successfully reloaded assembly
- Finished resetting the current domain, in  0.421 seconds
Domain Reload Profiling: 4021ms
	BeginReloadAssembly (116ms)
		ExecutionOrderSort (0ms)
		DisableScriptedObjects (4ms)
		BackupInstance (0ms)
		ReleaseScriptingObjects (0ms)
		CreateAndSetChildDomain (20ms)
	RebuildCommonClasses (24ms)
	RebuildNativeTypeToScriptingClass (8ms)
	initialDomainReloadingComplete (33ms)
	LoadAllAssembliesAndSetupDomain (3420ms)
		LoadAssemblies (3176ms)
		RebuildTransferFunctionScriptingTraits (0ms)
		AnalyzeDomain (310ms)
			TypeCache.Refresh (295ms)
				TypeCache.ScanAssembly (255ms)
			ScanForSourceGeneratedMonoScriptInfo (10ms)
			ResolveRequiredComponents (3ms)
	FinalizeReload (421ms)
		ReleaseScriptCaches (0ms)
		RebuildScriptCaches (0ms)
		SetupLoadedEditorAssemblies (319ms)
			LogAssemblyErrors (0ms)
			InitializePlatformSupportModulesInManaged (4ms)
			SetLoadedEditorAssemblies (2ms)
			RefreshPlugins (0ms)
			BeforeProcessingInitializeOnLoad (44ms)
			ProcessInitializeOnLoadAttributes (250ms)
			ProcessInitializeOnLoadMethodAttributes (14ms)
			AfterProcessingInitializeOnLoad (5ms)
			EditorAssembliesLoaded (0ms)
		ExecutionOrderSort2 (0ms)
		AwakeInstancesAfterBackupRestoration (6ms)
Shader 'Custom/RainShader': fallback shader 'Particles/Alpha Blended' not found
Launched and connected shader compiler UnityShaderCompiler.exe after 0.07 seconds
Refreshing native plugins compatible for Editor in 3.37 ms, found 3 plugins.
Preloading 0 native plugins for Editor in 0.00 ms.
Unloading 3214 Unused Serialized files (Serialized files now loaded: 0)
Unloading 37 unused Assets / (0.7 MB). Loaded Objects now: 3700.
Memory consumption went from 149.7 MB to 149.0 MB.
Total: 3.473300 ms (FindLiveObjects: 0.264500 ms CreateObjectMapping: 0.153400 ms MarkObjects: 2.782300 ms  DeleteObjects: 0.272600 ms)

AssetImportParameters requested are different than current active one (requested -> active):
  custom:container-demuxer-ogg: 62fdf1f143b41e24485cea50d1cbac27 -> 
  custom:video-codec-MediaFoundation-h265: 746d11721c4dcdbdad8f713fa42b33f4 -> 
  custom:video-decoder-ogg-theora: a1e56fd34408186e4bbccfd4996cb3dc -> 
  custom:framework-win-MediaFoundation: 216162199b28c13a410421893ffa2e32 -> 
  custom:CustomObjectIndexerAttribute: 756ad292c208cfabdd7b50bc23989ffe -> 
  custom:container-demuxer-webm: 4f35f7cbe854078d1ac9338744f61a02 -> 
  custom:container-muxer-webm: aa71ff27fc2769a1b78a27578f13a17b -> 
  custom:video-decoder-webm-vp8: 9c59270c3fd7afecdb556c50c9e8de78 -> 
  custom:SearchIndexIgnoredProperties: e643bd26f0fe6173181afceb89e7c659 -> 
  custom:AudioImporter_EditorPlatform: d09bf68614088b80899f8185d706f6e7 -> 
  custom:video-encoder-webm-vp8: eb34c28f22e8b96e1ab97ce403110664 -> 
  custom:audio-decoder-ogg-vorbis: bf7c407c2cedff20999df2af8eb42d56 -> 
  custom:audio-encoder-webm-vorbis: bf7c407c2cedff20999df2af8eb42d56 -> 
========================================================================
Received Import Request.
  Time since last request: 607304.081608 seconds.
  path: Assets/RocksPack/Prefab/RockB.prefab
  artifactKey: Guid(ed611a3ded592db4082a86450ac3e55f) Importer(815301076,1909f56bfc062723c751e8b465ee728b)
Start importing Assets/RocksPack/Prefab/RockB.prefab using Guid(ed611a3ded592db4082a86450ac3e55f) Importer(815301076,1909f56bfc062723c751e8b465ee728b)  -> (artifact id: '82ceb0640a801d4d11fc96e193bb7a09') in 0.239331 seconds
Number of updated asset objects reloaded before import = 0
Number of asset objects unloaded after import = 16
========================================================================
Received Import Request.
  Time since last request: 156.717762 seconds.
  path: Assets/Rocks and Boulders 2/Rocks
  artifactKey: Guid(e2272ccdfc6870f4b962910707e21594) Importer(815301076,1909f56bfc062723c751e8b465ee728b)
Start importing Assets/Rocks and Boulders 2/Rocks using Guid(e2272ccdfc6870f4b962910707e21594) Importer(815301076,1909f56bfc062723c751e8b465ee728b)  -> (artifact id: '887554df6efa2dae29ee343fdfc40463') in 0.000458 seconds
Number of updated asset objects reloaded before import = 0
Number of asset objects unloaded after import = 0
========================================================================
Received Import Request.
  Time since last request: 1.701870 seconds.
  path: Assets/Rocks and Boulders 2/Rocks/Prefabs
  artifactKey: Guid(8e74734055c3cf64dbbb0f1793dc9764) Importer(815301076,1909f56bfc062723c751e8b465ee728b)
Start importing Assets/Rocks and Boulders 2/Rocks/Prefabs using Guid(8e74734055c3cf64dbbb0f1793dc9764) Importer(815301076,1909f56bfc062723c751e8b465ee728b)  -> (artifact id: '724eb069195d4e16b8b6ca4a98643303') in 0.000385 seconds
Number of updated asset objects reloaded before import = 0
Number of asset objects unloaded after import = 0
========================================================================
Received Import Request.
  Time since last request: 0.024166 seconds.
  path: Assets/Rocks and Boulders 2/Rocks/Prefabs/Rock1_grup1.prefab
  artifactKey: Guid(54a9cf01843431742a3126013891032d) Importer(815301076,1909f56bfc062723c751e8b465ee728b)
Start importing Assets/Rocks and Boulders 2/Rocks/Prefabs/Rock1_grup1.prefab using Guid(54a9cf01843431742a3126013891032d) Importer(815301076,1909f56bfc062723c751e8b465ee728b)  -> (artifact id: 'c9b6b03e23bd1a52904d65edb17ae8aa') in 0.357220 seconds
Number of updated asset objects reloaded before import = 0
Number of asset objects unloaded after import = 35
========================================================================
Received Import Request.
  Time since last request: 0.000019 seconds.
  path: Assets/Rocks and Boulders 2/Rocks/Prefabs/Rock6B.prefab
  artifactKey: Guid(fb5464049dae54247bf24c0e536cd6b4) Importer(815301076,1909f56bfc062723c751e8b465ee728b)
Start importing Assets/Rocks and Boulders 2/Rocks/Prefabs/Rock6B.prefab using Guid(fb5464049dae54247bf24c0e536cd6b4) Importer(815301076,1909f56bfc062723c751e8b465ee728b)  -> (artifact id: '38d1d8f09ca2b50f688e46ba4ec5d688') in 0.067874 seconds
Number of updated asset objects reloaded before import = 0
Number of asset objects unloaded after import = 17
========================================================================
Received Import Request.
  Time since last request: 0.000027 seconds.
  path: Assets/Rocks and Boulders 2/Rocks/Prefabs/Rock1A.prefab
  artifactKey: Guid(d209be13548e70947bc39053977ce977) Importer(815301076,1909f56bfc062723c751e8b465ee728b)
Start importing Assets/Rocks and Boulders 2/Rocks/Prefabs/Rock1A.prefab using Guid(d209be13548e70947bc39053977ce977) Importer(815301076,1909f56bfc062723c751e8b465ee728b)  -> (artifact id: '3ebb2f20b3fa16fd888709fe2413d75d') in 0.040923 seconds
Number of updated asset objects reloaded before import = 0
Number of asset objects unloaded after import = 16
========================================================================
Received Import Request.
  Time since last request: 0.000015 seconds.
  path: Assets/Rocks and Boulders 2/Rocks/Prefabs/Rock1_grup3.prefab
  artifactKey: Guid(f20a15ee7150fd647af421022dde4d44) Importer(815301076,1909f56bfc062723c751e8b465ee728b)
Start importing Assets/Rocks and Boulders 2/Rocks/Prefabs/Rock1_grup3.prefab using Guid(f20a15ee7150fd647af421022dde4d44) Importer(815301076,1909f56bfc062723c751e8b465ee728b)  -> (artifact id: 'ec35c595a3130594e419e2f810ed2f22') in 0.026917 seconds
Number of updated asset objects reloaded before import = 0
Number of asset objects unloaded after import = 34
========================================================================
Received Import Request.
  Time since last request: 0.000019 seconds.
  path: Assets/Rocks and Boulders 2/Rocks/Prefabs/Rock1D.prefab
  artifactKey: Guid(5d4cffe5f1249a046b3bc42bbd99dc47) Importer(815301076,1909f56bfc062723c751e8b465ee728b)
Start importing Assets/Rocks and Boulders 2/Rocks/Prefabs/Rock1D.prefab using Guid(5d4cffe5f1249a046b3bc42bbd99dc47) Importer(815301076,1909f56bfc062723c751e8b465ee728b)  -> (artifact id: 'db80695b9ea08b9450e6a2f0cea755a9') in 0.029196 seconds
Number of updated asset objects reloaded before import = 0
Number of asset objects unloaded after import = 16
========================================================================
Received Import Request.
  Time since last request: 0.000021 seconds.
  path: Assets/Rocks and Boulders 2/Rocks/Prefabs/Rock1_grup5.prefab
  artifactKey: Guid(f696a81957e80df439600b80ea8667ec) Importer(815301076,1909f56bfc062723c751e8b465ee728b)
Start importing Assets/Rocks and Boulders 2/Rocks/Prefabs/Rock1_grup5.prefab using Guid(f696a81957e80df439600b80ea8667ec) Importer(815301076,1909f56bfc062723c751e8b465ee728b)  -> (artifact id: 'b46daa4e56ad03ea77587db71209a856') in 0.030020 seconds
Number of updated asset objects reloaded before import = 0
Number of asset objects unloaded after import = 39
========================================================================
Received Import Request.
  Time since last request: 0.000032 seconds.
  path: Assets/Rocks and Boulders 2/Rocks/Prefabs/Rock1LOD_grup3.prefab
  artifactKey: Guid(059c81de61f2d4e4cbe522492d0181da) Importer(815301076,1909f56bfc062723c751e8b465ee728b)
Start importing Assets/Rocks and Boulders 2/Rocks/Prefabs/Rock1LOD_grup3.prefab using Guid(059c81de61f2d4e4cbe522492d0181da) Importer(815301076,1909f56bfc062723c751e8b465ee728b)  -> (artifact id: '0d1b5cd59a3df18306ec1f314d050180') in 0.026337 seconds
Number of updated asset objects reloaded before import = 0
Number of asset objects unloaded after import = 37
========================================================================
Received Import Request.
  Time since last request: 0.000021 seconds.
  path: Assets/Rocks and Boulders 2/Rocks/Prefabs/Rock4B.prefab
  artifactKey: Guid(55f94b3dfaaba26458dbf470efc8cfa4) Importer(815301076,1909f56bfc062723c751e8b465ee728b)
Start importing Assets/Rocks and Boulders 2/Rocks/Prefabs/Rock4B.prefab using Guid(55f94b3dfaaba26458dbf470efc8cfa4) Importer(815301076,1909f56bfc062723c751e8b465ee728b)  -> (artifact id: 'ba5e679607b797dc54f034666c912d13') in 0.027890 seconds
Number of updated asset objects reloaded before import = 0
Number of asset objects unloaded after import = 16
========================================================================
Received Import Request.
  Time since last request: 0.000023 seconds.
  path: Assets/Rocks and Boulders 2/Rocks/Prefabs/Rock6C.prefab
  artifactKey: Guid(d9c3d22cdfbbcfd4f8d8019ff97a0f2e) Importer(815301076,1909f56bfc062723c751e8b465ee728b)
Start importing Assets/Rocks and Boulders 2/Rocks/Prefabs/Rock6C.prefab using Guid(d9c3d22cdfbbcfd4f8d8019ff97a0f2e) Importer(815301076,1909f56bfc062723c751e8b465ee728b)  -> (artifact id: '55bf870598c8291f734702f42b32ae05') in 0.035351 seconds
Number of updated asset objects reloaded before import = 0
Number of asset objects unloaded after import = 17
========================================================================
Received Import Request.
  Time since last request: 0.000028 seconds.
  path: Assets/Rocks and Boulders 2/Rocks/Prefabs/Rock3.prefab
  artifactKey: Guid(f282d9fb9b399dd4384b20aba08642fb) Importer(815301076,1909f56bfc062723c751e8b465ee728b)
Start importing Assets/Rocks and Boulders 2/Rocks/Prefabs/Rock3.prefab using Guid(f282d9fb9b399dd4384b20aba08642fb) Importer(815301076,1909f56bfc062723c751e8b465ee728b)  -> (artifact id: '478b425c55f77c6091612d2ab2c9e2e8') in 0.051647 seconds
Number of updated asset objects reloaded before import = 0
Number of asset objects unloaded after import = 16
========================================================================
Received Import Request.
  Time since last request: 0.000031 seconds.
  path: Assets/Rocks and Boulders 2/Rocks/Prefabs/Rock1LOD_grup2.prefab
  artifactKey: Guid(dceeca3e930a413458913fd2f889e527) Importer(815301076,1909f56bfc062723c751e8b465ee728b)
Start importing Assets/Rocks and Boulders 2/Rocks/Prefabs/Rock1LOD_grup2.prefab using Guid(dceeca3e930a413458913fd2f889e527) Importer(815301076,1909f56bfc062723c751e8b465ee728b)  -> (artifact id: 'f3ba6d6c44010d818b659bd6f7b20ba1') in 0.026111 seconds
Number of updated asset objects reloaded before import = 0
Number of asset objects unloaded after import = 42
========================================================================
Received Import Request.
  Time since last request: 0.000018 seconds.
  path: Assets/Rocks and Boulders 2/Rocks/Prefabs/Rock2.prefab
  artifactKey: Guid(940d55d4117386f4f9398ea3ff52d4cd) Importer(815301076,1909f56bfc062723c751e8b465ee728b)
Start importing Assets/Rocks and Boulders 2/Rocks/Prefabs/Rock2.prefab using Guid(940d55d4117386f4f9398ea3ff52d4cd) Importer(815301076,1909f56bfc062723c751e8b465ee728b)  -> (artifact id: '7515297778d0fda761b743f1a920d005') in 0.050348 seconds
Number of updated asset objects reloaded before import = 0
Number of asset objects unloaded after import = 16
Editor requested this worker to shutdown with reason: Scaling down because of idle timeout
TcpMessagingSession - receive error: operation aborted. errorcode: 995, details: The I/O operation has been aborted because of either a thread exit or an application request.
AssetImportWorker is now disconnected from the server
Process exiting
Exiting without the bug reporter. Application will terminate with return code 0